2025-03-21T00:03:23.863-03:00 DEBUG 22584 --- [turnos] [http-nio-8080-exec-1] org.hibernate.SQL                        : select v1_0.id,v1_0.brand,v1_0.category_id,v1_0.daily_cost,v1_0.description,v1_0.fuel_type,v1_0.gear_shift,v1_0.manufacturing_year,v1_0.model,v1_0.name,v1_0.number_of_doors,v1_0.number_of_seats,v1_0.avg_rating,v1_0.registration_plate from vehicles v1_0
2025-03-21T00:03:23.863-03:00 DEBUG 22584 --- [turnos] [http-nio-8080-exec-5] org.hibernate.SQL                        : select v1_0.id,v1_0.brand,v1_0.category_id,v1_0.daily_cost,v1_0.description,v1_0.fuel_type,v1_0.gear_shift,v1_0.manufacturing_year,v1_0.model,v1_0.name,v1_0.number_of_doors,v1_0.number_of_seats,v1_0.avg_rating,v1_0.registration_plate from vehicles v1_0
2025-03-21T00:03:23.888-03:00 DEBUG 22584 --- [turnos] [http-nio-8080-exec-1] org.hibernate.SQL                        : select c1_0.id,c1_0.category_description,ci1_0.id,ci1_0.filename,c1_0.name from categories c1_0 left join categories_images ci1_0 on c1_0.id=ci1_0.category_id where c1_0.id=?
2025-03-21T00:03:23.888-03:00 DEBUG 22584 --- [turnos] [http-nio-8080-exec-5] org.hibernate.SQL                        : select c1_0.id,c1_0.category_description,ci1_0.id,ci1_0.filename,c1_0.name from categories c1_0 left join categories_images ci1_0 on c1_0.id=ci1_0.category_id where c1_0.id=?
2025-03-21T00:03:23.895-03:00 DEBUG 22584 --- [turnos] [http-nio-8080-exec-5] org.hibernate.SQL                        : select c1_0.vehicle_id,c1_1.id,ci1_0.id,ci1_0.filename,c1_1.name from vehicles_characteristics c1_0 join characteristics c1_1 on c1_1.id=c1_0.characteristic_id left join characteristic_images ci1_0 on c1_1.id=ci1_0.characteristic_id where c1_0.vehicle_id=?
2025-03-21T00:03:23.895-03:00 DEBUG 22584 --- [turnos] [http-nio-8080-exec-1] org.hibernate.SQL                        : select c1_0.vehicle_id,c1_1.id,ci1_0.id,ci1_0.filename,c1_1.name from vehicles_characteristics c1_0 join characteristics c1_1 on c1_1.id=c1_0.characteristic_id left join characteristic_images ci1_0 on c1_1.id=ci1_0.characteristic_id where c1_0.vehicle_id=?
2025-03-21T00:03:23.904-03:00 DEBUG 22584 --- [turnos] [http-nio-8080-exec-1] org.hibernate.SQL                        : select i1_0.vehicle_id,i1_0.id,i1_0.filename from vehicle_images i1_0 where i1_0.vehicle_id=?
2025-03-21T00:03:23.904-03:00 DEBUG 22584 --- [turnos] [http-nio-8080-exec-5] org.hibernate.SQL                        : select i1_0.vehicle_id,i1_0.id,i1_0.filename from vehicle_images i1_0 where i1_0.vehicle_id=?
2025-03-21T00:03:23.913-03:00 DEBUG 22584 --- [turnos] [http-nio-8080-exec-6] org.hibernate.SQL                        : select v1_0.id,v1_0.brand,v1_0.category_id,v1_0.daily_cost,v1_0.description,v1_0.fuel_type,v1_0.gear_shift,v1_0.manufacturing_year,v1_0.model,v1_0.name,v1_0.number_of_doors,v1_0.number_of_seats,v1_0.avg_rating,v1_0.registration_plate from vehicles v1_0
2025-03-21T00:03:23.913-03:00 DEBUG 22584 --- [turnos] [http-nio-8080-exec-8] org.hibernate.SQL                        : select v1_0.id,v1_0.brand,v1_0.category_id,v1_0.daily_cost,v1_0.description,v1_0.fuel_type,v1_0.gear_shift,v1_0.manufacturing_year,v1_0.model,v1_0.name,v1_0.number_of_doors,v1_0.number_of_seats,v1_0.avg_rating,v1_0.registration_plate from vehicles v1_0
2025-03-21T00:03:23.914-03:00 DEBUG 22584 --- [turnos] [http-nio-8080-exec-8] org.hibernate.SQL                        : select c1_0.id,c1_0.category_description,ci1_0.id,ci1_0.filename,c1_0.name from categories c1_0 left join categories_images ci1_0 on c1_0.id=ci1_0.category_id where c1_0.id=?
2025-03-21T00:03:23.914-03:00 DEBUG 22584 --- [turnos] [http-nio-8080-exec-6] org.hibernate.SQL                        : select c1_0.id,c1_0.category_description,ci1_0.id,ci1_0.filename,c1_0.name from categories c1_0 left join categories_images ci1_0 on c1_0.id=ci1_0.category_id where c1_0.id=?
2025-03-21T00:03:23.914-03:00 DEBUG 22584 --- [turnos] [http-nio-8080-exec-6] org.hibernate.SQL                        : select c1_0.vehicle_id,c1_1.id,ci1_0.id,ci1_0.filename,c1_1.name from vehicles_characteristics c1_0 join characteristics c1_1 on c1_1.id=c1_0.characteristic_id left join characteristic_images ci1_0 on c1_1.id=ci1_0.characteristic_id where c1_0.vehicle_id=?
2025-03-21T00:03:23.914-03:00 DEBUG 22584 --- [turnos] [http-nio-8080-exec-8] org.hibernate.SQL                        : select c1_0.vehicle_id,c1_1.id,ci1_0.id,ci1_0.filename,c1_1.name from vehicles_characteristics c1_0 join characteristics c1_1 on c1_1.id=c1_0.characteristic_id left join characteristic_images ci1_0 on c1_1.id=ci1_0.characteristic_id where c1_0.vehicle_id=?
2025-03-21T00:03:23.916-03:00 DEBUG 22584 --- [turnos] [http-nio-8080-exec-6] org.hibernate.SQL                        : select i1_0.vehicle_id,i1_0.id,i1_0.filename from vehicle_images i1_0 where i1_0.vehicle_id=?
2025-03-21T00:03:23.916-03:00 DEBUG 22584 --- [turnos] [http-nio-8080-exec-8] org.hibernate.SQL                        : select i1_0.vehicle_id,i1_0.id,i1_0.filename from vehicle_images i1_0 where i1_0.vehicle_id=?
2025-03-21T00:03:23.930-03:00 DEBUG 22584 --- [turnos] [http-nio-8080-exec-7] org.hibernate.SQL                        : select coalesce(round(avg(cast(r1_0.score as float(53))),1),0),count(r1_0.id) from review r1_0 where r1_0.vehicle_id=?
2025-03-21T00:03:23.939-03:00 DEBUG 22584 --- [turnos] [http-nio-8080-exec-7] org.hibernate.SQL                        : select coalesce(round(avg(cast(r1_0.score as float(53))),1),0),count(r1_0.id) from review r1_0 where r1_0.vehicle_id=?
2025-03-21T00:03:34.198-03:00 DEBUG 22584 --- [turnos] [http-nio-8080-exec-4] org.hibernate.SQL                        : select coalesce(round(avg(cast(r1_0.score as float(53))),1),0),count(r1_0.id) from review r1_0 where r1_0.vehicle_id=?
2025-03-21T00:03:34.203-03:00 DEBUG 22584 --- [turnos] [http-nio-8080-exec-1] org.hibernate.SQL                        : select coalesce(round(avg(cast(r1_0.score as float(53))),1),0),count(r1_0.id) from review r1_0 where r1_0.vehicle_id=?
2025-03-21T10:58:15.854-03:00  INFO 5956 --- [turnos] [main] c.digitalhouse.turnos.RentApplication    : Starting RentApplication using Java 22.0.2 with PID 5956 (C:\Users\juanm\Escritorio\Desafio-Profesional\backend\target\classes started by juanm in C:\Users\juanm\Escritorio\Desafio-Profesional\backend)
2025-03-21T10:58:15.856-03:00  INFO 5956 --- [turnos] [main] c.digitalhouse.turnos.RentApplication    : No active profile set, falling back to 1 default profile: "default"
2025-03-21T10:58:16.829-03:00  INFO 5956 --- [turnos] [main] .s.d.r.c.RepositoryConfigurationDelegate : Bootstrapping Spring Data JPA repositories in DEFAULT mode.
2025-03-21T10:58:16.963-03:00  INFO 5956 --- [turnos] [main] .s.d.r.c.RepositoryConfigurationDelegate : Finished Spring Data repository scanning in 113 ms. Found 10 JPA repository interfaces.
2025-03-21T10:58:17.739-03:00  INFO 5956 --- [turnos] [main] o.s.b.w.embedded.tomcat.TomcatWebServer  : Tomcat initialized with port 8080 (http)
2025-03-21T10:58:17.759-03:00  INFO 5956 --- [turnos] [main] o.apache.catalina.core.StandardService   : Starting service [Tomcat]
2025-03-21T10:58:17.759-03:00  INFO 5956 --- [turnos] [main] o.apache.catalina.core.StandardEngine    : Starting Servlet engine: [Apache Tomcat/10.1.34]
2025-03-21T10:58:17.853-03:00  INFO 5956 --- [turnos] [main] o.a.c.c.C.[Tomcat].[localhost].[/]       : Initializing Spring embedded WebApplicationContext
2025-03-21T10:58:17.853-03:00  INFO 5956 --- [turnos] [main] w.s.c.ServletWebServerApplicationContext : Root WebApplicationContext: initialization completed in 1935 ms
2025-03-21T10:58:18.053-03:00  INFO 5956 --- [turnos] [main] o.hibernate.jpa.internal.util.LogHelper  : HHH000204: Processing PersistenceUnitInfo [name: default]
2025-03-21T10:58:18.144-03:00  INFO 5956 --- [turnos] [main] org.hibernate.Version                    : HHH000412: Hibernate ORM core version 6.6.5.Final
2025-03-21T10:58:18.210-03:00  INFO 5956 --- [turnos] [main] o.h.c.internal.RegionFactoryInitiator    : HHH000026: Second-level cache disabled
2025-03-21T10:58:18.606-03:00  INFO 5956 --- [turnos] [main] o.s.o.j.p.SpringPersistenceUnitInfo      : No LoadTimeWeaver setup: ignoring JPA class transformer
2025-03-21T10:58:18.646-03:00  INFO 5956 --- [turnos] [main] com.zaxxer.hikari.HikariDataSource       : HikariPool-1 - Starting...
2025-03-21T10:58:18.947-03:00  INFO 5956 --- [turnos] [main] com.zaxxer.hikari.pool.HikariPool        : HikariPool-1 - Added connection conn0: url=jdbc:h2:file:./data/rentacar-db user=RENTACAR
2025-03-21T10:58:18.949-03:00  INFO 5956 --- [turnos] [main] com.zaxxer.hikari.HikariDataSource       : HikariPool-1 - Start completed.
2025-03-21T10:58:18.985-03:00  WARN 5956 --- [turnos] [main] org.hibernate.orm.deprecation            : HHH90000025: H2Dialect does not need to be specified explicitly using 'hibernate.dialect' (remove the property setting and it will be selected by default)
2025-03-21T10:58:19.011-03:00  INFO 5956 --- [turnos] [main] org.hibernate.orm.connections.pooling    : HHH10001005: Database info:
	Database JDBC URL [Connecting through datasource 'HikariDataSource (HikariPool-1)']
	Database driver: undefined/unknown
	Database version: 2.3.232
	Autocommit mode: undefined/unknown
	Isolation level: undefined/unknown
	Minimum pool size: undefined/unknown
	Maximum pool size: undefined/unknown
2025-03-21T10:58:20.306-03:00  INFO 5956 --- [turnos] [main] o.h.e.t.j.p.i.JtaPlatformInitiator       : HHH000489: No JTA platform available (set 'hibernate.transaction.jta.platform' to enable JTA platform integration)
2025-03-21T10:58:20.379-03:00  INFO 5956 --- [turnos] [main] j.LocalContainerEntityManagerFactoryBean : Initialized JPA EntityManagerFactory for persistence unit 'default'
2025-03-21T10:58:20.796-03:00  INFO 5956 --- [turnos] [main] o.s.d.j.r.query.QueryEnhancerFactory     : Hibernate is in classpath; If applicable, HQL parser will be used.
2025-03-21T10:58:20.912-03:00  INFO 5956 --- [turnos] [main] r$InitializeUserDetailsManagerConfigurer : Global AuthenticationManager configured with UserDetailsService bean with name userDetailsSecurityService
2025-03-21T10:58:23.285-03:00  WARN 5956 --- [turnos] [main] JpaBaseConfiguration$JpaWebConfiguration : spring.jpa.open-in-view is enabled by default. Therefore, database queries may be performed during view rendering. Explicitly configure spring.jpa.open-in-view to disable this warning
2025-03-21T10:58:24.083-03:00  INFO 5956 --- [turnos] [main] o.s.b.a.h2.H2ConsoleAutoConfiguration    : H2 console available at '/h2-console'. Database available at 'jdbc:h2:file:./data/rentacar-db'
2025-03-21T10:58:24.227-03:00  INFO 5956 --- [turnos] [main] o.s.b.w.embedded.tomcat.TomcatWebServer  : Tomcat started on port 8080 (http) with context path '/'
2025-03-21T10:58:24.238-03:00  INFO 5956 --- [turnos] [main] c.digitalhouse.turnos.RentApplication    : Started RentApplication in 9.052 seconds (process running for 17.329)
2025-03-21T10:58:27.791-03:00  INFO 5956 --- [turnos] [http-nio-8080-exec-2] o.a.c.c.C.[Tomcat].[localhost].[/]       : Initializing Spring DispatcherServlet 'dispatcherServlet'
2025-03-21T10:58:27.792-03:00  INFO 5956 --- [turnos] [http-nio-8080-exec-2] o.s.web.servlet.DispatcherServlet        : Initializing Servlet 'dispatcherServlet'
2025-03-21T10:58:27.793-03:00  INFO 5956 --- [turnos] [http-nio-8080-exec-2] o.s.web.servlet.DispatcherServlet        : Completed initialization in 1 ms
2025-03-21T10:58:27.919-03:00 DEBUG 5956 --- [turnos] [http-nio-8080-exec-2] org.hibernate.SQL                        : select v1_0.id,v1_0.brand,c1_0.id,c1_0.category_description,ci1_0.id,ci1_0.filename,c1_0.name,c2_0.vehicle_id,c2_1.id,ci2_0.id,ci2_0.filename,c2_1.name,v1_0.daily_cost,v1_0.description,v1_0.fuel_type,v1_0.gear_shift,v1_0.manufacturing_year,v1_0.model,v1_0.name,v1_0.number_of_doors,v1_0.number_of_seats,v1_0.avg_rating,v1_0.registration_plate from vehicles v1_0 left join categories c1_0 on c1_0.id=v1_0.category_id left join categories_images ci1_0 on c1_0.id=ci1_0.category_id left join vehicles_characteristics c2_0 on v1_0.id=c2_0.vehicle_id left join characteristics c2_1 on c2_1.id=c2_0.characteristic_id left join characteristic_images ci2_0 on c2_1.id=ci2_0.characteristic_id where v1_0.id=?
2025-03-21T10:58:28.052-03:00 DEBUG 5956 --- [turnos] [http-nio-8080-exec-2] org.hibernate.SQL                        : select r1_0.id,r1_0.created_at,r1_0.end_date,r1_0.message,r1_0.start_date,r1_0.user_id,r1_0.vehicle_id from reservations r1_0 where r1_0.vehicle_id=? and r1_0.end_date>? order by r1_0.start_date
2025-03-21T10:58:28.063-03:00 DEBUG 5956 --- [turnos] [http-nio-8080-exec-2] org.hibernate.SQL                        : select u1_0.id,u1_0.email,u1_0.enabled,u1_0.first_name,u1_0.lastname,u1_0.password,r1_0.user_id,r1_1.id,r1_1.description,r1_1.name from users u1_0 left join users_roles r1_0 on u1_0.id=r1_0.user_id left join roles r1_1 on r1_1.id=r1_0.role_id where u1_0.id=?
2025-03-21T10:58:30.623-03:00 DEBUG 5956 --- [turnos] [http-nio-8080-exec-6] org.hibernate.SQL                        : select v1_0.id,v1_0.brand,v1_0.category_id,v1_0.daily_cost,v1_0.description,v1_0.fuel_type,v1_0.gear_shift,v1_0.manufacturing_year,v1_0.model,v1_0.name,v1_0.number_of_doors,v1_0.number_of_seats,v1_0.avg_rating,v1_0.registration_plate from vehicles v1_0
2025-03-21T10:58:30.623-03:00 DEBUG 5956 --- [turnos] [http-nio-8080-exec-7] org.hibernate.SQL                        : select v1_0.id,v1_0.brand,v1_0.category_id,v1_0.daily_cost,v1_0.description,v1_0.fuel_type,v1_0.gear_shift,v1_0.manufacturing_year,v1_0.model,v1_0.name,v1_0.number_of_doors,v1_0.number_of_seats,v1_0.avg_rating,v1_0.registration_plate from vehicles v1_0
2025-03-21T10:58:30.626-03:00 DEBUG 5956 --- [turnos] [http-nio-8080-exec-7] org.hibernate.SQL                        : select c1_0.id,c1_0.category_description,ci1_0.id,ci1_0.filename,c1_0.name from categories c1_0 left join categories_images ci1_0 on c1_0.id=ci1_0.category_id where c1_0.id=?
2025-03-21T10:58:30.626-03:00 DEBUG 5956 --- [turnos] [http-nio-8080-exec-6] org.hibernate.SQL                        : select c1_0.id,c1_0.category_description,ci1_0.id,ci1_0.filename,c1_0.name from categories c1_0 left join categories_images ci1_0 on c1_0.id=ci1_0.category_id where c1_0.id=?
2025-03-21T10:58:30.630-03:00 DEBUG 5956 --- [turnos] [http-nio-8080-exec-7] org.hibernate.SQL                        : select c1_0.vehicle_id,c1_1.id,ci1_0.id,ci1_0.filename,c1_1.name from vehicles_characteristics c1_0 join characteristics c1_1 on c1_1.id=c1_0.characteristic_id left join characteristic_images ci1_0 on c1_1.id=ci1_0.characteristic_id where c1_0.vehicle_id=?
2025-03-21T10:58:30.630-03:00 DEBUG 5956 --- [turnos] [http-nio-8080-exec-6] org.hibernate.SQL                        : select c1_0.vehicle_id,c1_1.id,ci1_0.id,ci1_0.filename,c1_1.name from vehicles_characteristics c1_0 join characteristics c1_1 on c1_1.id=c1_0.characteristic_id left join characteristic_images ci1_0 on c1_1.id=ci1_0.characteristic_id where c1_0.vehicle_id=?
2025-03-21T10:58:30.657-03:00 DEBUG 5956 --- [turnos] [http-nio-8080-exec-6] org.hibernate.SQL                        : select i1_0.vehicle_id,i1_0.id,i1_0.filename from vehicle_images i1_0 where i1_0.vehicle_id=?
2025-03-21T10:58:30.657-03:00 DEBUG 5956 --- [turnos] [http-nio-8080-exec-7] org.hibernate.SQL                        : select i1_0.vehicle_id,i1_0.id,i1_0.filename from vehicle_images i1_0 where i1_0.vehicle_id=?
2025-03-21T10:58:30.677-03:00 DEBUG 5956 --- [turnos] [http-nio-8080-exec-9] org.hibernate.SQL                        : select v1_0.id,v1_0.brand,v1_0.category_id,v1_0.daily_cost,v1_0.description,v1_0.fuel_type,v1_0.gear_shift,v1_0.manufacturing_year,v1_0.model,v1_0.name,v1_0.number_of_doors,v1_0.number_of_seats,v1_0.avg_rating,v1_0.registration_plate from vehicles v1_0
2025-03-21T10:58:30.677-03:00 DEBUG 5956 --- [turnos] [http-nio-8080-exec-8] org.hibernate.SQL                        : select v1_0.id,v1_0.brand,v1_0.category_id,v1_0.daily_cost,v1_0.description,v1_0.fuel_type,v1_0.gear_shift,v1_0.manufacturing_year,v1_0.model,v1_0.name,v1_0.number_of_doors,v1_0.number_of_seats,v1_0.avg_rating,v1_0.registration_plate from vehicles v1_0
2025-03-21T10:58:30.678-03:00 DEBUG 5956 --- [turnos] [http-nio-8080-exec-9] org.hibernate.SQL                        : select c1_0.id,c1_0.category_description,ci1_0.id,ci1_0.filename,c1_0.name from categories c1_0 left join categories_images ci1_0 on c1_0.id=ci1_0.category_id where c1_0.id=?
2025-03-21T10:58:30.678-03:00 DEBUG 5956 --- [turnos] [http-nio-8080-exec-8] org.hibernate.SQL                        : select c1_0.id,c1_0.category_description,ci1_0.id,ci1_0.filename,c1_0.name from categories c1_0 left join categories_images ci1_0 on c1_0.id=ci1_0.category_id where c1_0.id=?
2025-03-21T10:58:30.679-03:00 DEBUG 5956 --- [turnos] [http-nio-8080-exec-8] org.hibernate.SQL                        : select c1_0.vehicle_id,c1_1.id,ci1_0.id,ci1_0.filename,c1_1.name from vehicles_characteristics c1_0 join characteristics c1_1 on c1_1.id=c1_0.characteristic_id left join characteristic_images ci1_0 on c1_1.id=ci1_0.characteristic_id where c1_0.vehicle_id=?
2025-03-21T10:58:30.679-03:00 DEBUG 5956 --- [turnos] [http-nio-8080-exec-9] org.hibernate.SQL                        : select c1_0.vehicle_id,c1_1.id,ci1_0.id,ci1_0.filename,c1_1.name from vehicles_characteristics c1_0 join characteristics c1_1 on c1_1.id=c1_0.characteristic_id left join characteristic_images ci1_0 on c1_1.id=ci1_0.characteristic_id where c1_0.vehicle_id=?
2025-03-21T10:58:30.680-03:00 DEBUG 5956 --- [turnos] [http-nio-8080-exec-9] org.hibernate.SQL                        : select i1_0.vehicle_id,i1_0.id,i1_0.filename from vehicle_images i1_0 where i1_0.vehicle_id=?
2025-03-21T10:58:30.680-03:00 DEBUG 5956 --- [turnos] [http-nio-8080-exec-8] org.hibernate.SQL                        : select i1_0.vehicle_id,i1_0.id,i1_0.filename from vehicle_images i1_0 where i1_0.vehicle_id=?
2025-03-21T10:58:30.736-03:00 DEBUG 5956 --- [turnos] [http-nio-8080-exec-2] org.hibernate.SQL                        : select coalesce(round(avg(cast(r1_0.score as float(53))),1),0),count(r1_0.id) from review r1_0 where r1_0.vehicle_id=?
2025-03-21T10:58:30.752-03:00 DEBUG 5956 --- [turnos] [http-nio-8080-exec-3] org.hibernate.SQL                        : select coalesce(round(avg(cast(r1_0.score as float(53))),1),0),count(r1_0.id) from review r1_0 where r1_0.vehicle_id=?
2025-03-21T10:58:44.914-03:00 DEBUG 5956 --- [turnos] [http-nio-8080-exec-4] org.hibernate.SQL                        : select u1_0.id,u1_0.email,u1_0.enabled,u1_0.first_name,u1_0.lastname,u1_0.password from users u1_0 where u1_0.email=?
2025-03-21T10:58:44.915-03:00 DEBUG 5956 --- [turnos] [http-nio-8080-exec-4] org.hibernate.SQL                        : select r1_0.user_id,r1_1.id,r1_1.description,r1_1.name from users_roles r1_0 join roles r1_1 on r1_1.id=r1_0.role_id where r1_0.user_id=?
2025-03-21T10:58:45.043-03:00  INFO 5956 --- [turnos] [http-nio-8080-exec-4] c.d.turnos.service.LoginService          : Login attempt for email: user@user.com, Success: true
2025-03-21T10:58:45.067-03:00 DEBUG 5956 --- [turnos] [http-nio-8080-exec-7] org.hibernate.SQL                        : select v1_0.id,v1_0.brand,v1_0.category_id,v1_0.daily_cost,v1_0.description,v1_0.fuel_type,v1_0.gear_shift,v1_0.manufacturing_year,v1_0.model,v1_0.name,v1_0.number_of_doors,v1_0.number_of_seats,v1_0.avg_rating,v1_0.registration_plate from vehicles v1_0
2025-03-21T10:58:45.067-03:00 DEBUG 5956 --- [turnos] [http-nio-8080-exec-6] org.hibernate.SQL                        : select v1_0.id,v1_0.brand,v1_0.category_id,v1_0.daily_cost,v1_0.description,v1_0.fuel_type,v1_0.gear_shift,v1_0.manufacturing_year,v1_0.model,v1_0.name,v1_0.number_of_doors,v1_0.number_of_seats,v1_0.avg_rating,v1_0.registration_plate from vehicles v1_0
2025-03-21T10:58:45.068-03:00 DEBUG 5956 --- [turnos] [http-nio-8080-exec-7] org.hibernate.SQL                        : select c1_0.id,c1_0.category_description,ci1_0.id,ci1_0.filename,c1_0.name from categories c1_0 left join categories_images ci1_0 on c1_0.id=ci1_0.category_id where c1_0.id=?
2025-03-21T10:58:45.068-03:00 DEBUG 5956 --- [turnos] [http-nio-8080-exec-6] org.hibernate.SQL                        : select c1_0.id,c1_0.category_description,ci1_0.id,ci1_0.filename,c1_0.name from categories c1_0 left join categories_images ci1_0 on c1_0.id=ci1_0.category_id where c1_0.id=?
2025-03-21T10:58:45.070-03:00 DEBUG 5956 --- [turnos] [http-nio-8080-exec-6] org.hibernate.SQL                        : select c1_0.vehicle_id,c1_1.id,ci1_0.id,ci1_0.filename,c1_1.name from vehicles_characteristics c1_0 join characteristics c1_1 on c1_1.id=c1_0.characteristic_id left join characteristic_images ci1_0 on c1_1.id=ci1_0.characteristic_id where c1_0.vehicle_id=?
2025-03-21T10:58:45.070-03:00 DEBUG 5956 --- [turnos] [http-nio-8080-exec-7] org.hibernate.SQL                        : select c1_0.vehicle_id,c1_1.id,ci1_0.id,ci1_0.filename,c1_1.name from vehicles_characteristics c1_0 join characteristics c1_1 on c1_1.id=c1_0.characteristic_id left join characteristic_images ci1_0 on c1_1.id=ci1_0.characteristic_id where c1_0.vehicle_id=?
2025-03-21T10:58:45.071-03:00 DEBUG 5956 --- [turnos] [http-nio-8080-exec-6] org.hibernate.SQL                        : select i1_0.vehicle_id,i1_0.id,i1_0.filename from vehicle_images i1_0 where i1_0.vehicle_id=?
2025-03-21T10:58:45.071-03:00 DEBUG 5956 --- [turnos] [http-nio-8080-exec-7] org.hibernate.SQL                        : select i1_0.vehicle_id,i1_0.id,i1_0.filename from vehicle_images i1_0 where i1_0.vehicle_id=?
2025-03-21T10:58:45.078-03:00 DEBUG 5956 --- [turnos] [http-nio-8080-exec-9] org.hibernate.SQL                        : select v1_0.id,v1_0.brand,v1_0.category_id,v1_0.daily_cost,v1_0.description,v1_0.fuel_type,v1_0.gear_shift,v1_0.manufacturing_year,v1_0.model,v1_0.name,v1_0.number_of_doors,v1_0.number_of_seats,v1_0.avg_rating,v1_0.registration_plate from vehicles v1_0
2025-03-21T10:58:45.078-03:00 DEBUG 5956 --- [turnos] [http-nio-8080-exec-8] org.hibernate.SQL                        : select v1_0.id,v1_0.brand,v1_0.category_id,v1_0.daily_cost,v1_0.description,v1_0.fuel_type,v1_0.gear_shift,v1_0.manufacturing_year,v1_0.model,v1_0.name,v1_0.number_of_doors,v1_0.number_of_seats,v1_0.avg_rating,v1_0.registration_plate from vehicles v1_0
2025-03-21T10:58:45.078-03:00 DEBUG 5956 --- [turnos] [http-nio-8080-exec-9] org.hibernate.SQL                        : select c1_0.id,c1_0.category_description,ci1_0.id,ci1_0.filename,c1_0.name from categories c1_0 left join categories_images ci1_0 on c1_0.id=ci1_0.category_id where c1_0.id=?
2025-03-21T10:58:45.078-03:00 DEBUG 5956 --- [turnos] [http-nio-8080-exec-8] org.hibernate.SQL                        : select c1_0.id,c1_0.category_description,ci1_0.id,ci1_0.filename,c1_0.name from categories c1_0 left join categories_images ci1_0 on c1_0.id=ci1_0.category_id where c1_0.id=?
2025-03-21T10:58:45.079-03:00 DEBUG 5956 --- [turnos] [http-nio-8080-exec-8] org.hibernate.SQL                        : select c1_0.vehicle_id,c1_1.id,ci1_0.id,ci1_0.filename,c1_1.name from vehicles_characteristics c1_0 join characteristics c1_1 on c1_1.id=c1_0.characteristic_id left join characteristic_images ci1_0 on c1_1.id=ci1_0.characteristic_id where c1_0.vehicle_id=?
2025-03-21T10:58:45.079-03:00 DEBUG 5956 --- [turnos] [http-nio-8080-exec-9] org.hibernate.SQL                        : select c1_0.vehicle_id,c1_1.id,ci1_0.id,ci1_0.filename,c1_1.name from vehicles_characteristics c1_0 join characteristics c1_1 on c1_1.id=c1_0.characteristic_id left join characteristic_images ci1_0 on c1_1.id=ci1_0.characteristic_id where c1_0.vehicle_id=?
2025-03-21T10:58:45.081-03:00 DEBUG 5956 --- [turnos] [http-nio-8080-exec-8] org.hibernate.SQL                        : select i1_0.vehicle_id,i1_0.id,i1_0.filename from vehicle_images i1_0 where i1_0.vehicle_id=?
2025-03-21T10:58:45.081-03:00 DEBUG 5956 --- [turnos] [http-nio-8080-exec-9] org.hibernate.SQL                        : select i1_0.vehicle_id,i1_0.id,i1_0.filename from vehicle_images i1_0 where i1_0.vehicle_id=?
2025-03-21T10:58:45.088-03:00 DEBUG 5956 --- [turnos] [http-nio-8080-exec-2] org.hibernate.SQL                        : select coalesce(round(avg(cast(r1_0.score as float(53))),1),0),count(r1_0.id) from review r1_0 where r1_0.vehicle_id=?
2025-03-21T10:58:45.094-03:00 DEBUG 5956 --- [turnos] [http-nio-8080-exec-3] org.hibernate.SQL                        : select coalesce(round(avg(cast(r1_0.score as float(53))),1),0),count(r1_0.id) from review r1_0 where r1_0.vehicle_id=?
2025-03-21T10:58:51.061-03:00 DEBUG 5956 --- [turnos] [http-nio-8080-exec-4] org.hibernate.SQL                        : select u1_0.id,u1_0.email,u1_0.enabled,u1_0.first_name,u1_0.lastname,u1_0.password from users u1_0 where u1_0.email=?
2025-03-21T10:58:51.063-03:00 DEBUG 5956 --- [turnos] [http-nio-8080-exec-4] org.hibernate.SQL                        : select r1_0.user_id,r1_1.id,r1_1.description,r1_1.name from users_roles r1_0 join roles r1_1 on r1_1.id=r1_0.role_id where r1_0.user_id=?
2025-03-21T10:58:51.068-03:00 DEBUG 5956 --- [turnos] [http-nio-8080-exec-4] org.hibernate.SQL                        : select u1_0.id,u1_0.email,u1_0.enabled,u1_0.first_name,u1_0.lastname,u1_0.password from users u1_0 where u1_0.email=?
2025-03-21T10:58:51.069-03:00 DEBUG 5956 --- [turnos] [http-nio-8080-exec-4] org.hibernate.SQL                        : select r1_0.user_id,r1_1.id,r1_1.description,r1_1.name from users_roles r1_0 join roles r1_1 on r1_1.id=r1_0.role_id where r1_0.user_id=?
2025-03-21T10:58:51.071-03:00 DEBUG 5956 --- [turnos] [http-nio-8080-exec-4] org.hibernate.SQL                        : select r1_0.id,r1_0.created_at,r1_0.end_date,r1_0.message,r1_0.start_date,r1_0.user_id,r1_0.vehicle_id from reservations r1_0 left join users u1_0 on u1_0.id=r1_0.user_id where u1_0.email=?
2025-03-21T10:58:51.072-03:00 DEBUG 5956 --- [turnos] [http-nio-8080-exec-4] org.hibernate.SQL                        : select v1_0.id,v1_0.brand,c1_0.id,c1_0.category_description,ci1_0.id,ci1_0.filename,c1_0.name,c2_0.vehicle_id,c2_1.id,ci2_0.id,ci2_0.filename,c2_1.name,v1_0.daily_cost,v1_0.description,v1_0.fuel_type,v1_0.gear_shift,v1_0.manufacturing_year,v1_0.model,v1_0.name,v1_0.number_of_doors,v1_0.number_of_seats,v1_0.avg_rating,v1_0.registration_plate from vehicles v1_0 left join categories c1_0 on c1_0.id=v1_0.category_id left join categories_images ci1_0 on c1_0.id=ci1_0.category_id left join vehicles_characteristics c2_0 on v1_0.id=c2_0.vehicle_id left join characteristics c2_1 on c2_1.id=c2_0.characteristic_id left join characteristic_images ci2_0 on c2_1.id=ci2_0.characteristic_id where v1_0.id=?
2025-03-21T11:05:37.965-03:00  INFO 5956 --- [turnos] [SpringApplicationShutdownHook] o.s.b.w.e.tomcat.GracefulShutdown        : Commencing graceful shutdown. Waiting for active requests to complete
2025-03-21T11:05:37.989-03:00  INFO 5956 --- [turnos] [tomcat-shutdown] o.s.b.w.e.tomcat.GracefulShutdown        : Graceful shutdown complete
2025-03-21T11:05:37.992-03:00  INFO 5956 --- [turnos] [SpringApplicationShutdownHook] j.LocalContainerEntityManagerFactoryBean : Closing JPA EntityManagerFactory for persistence unit 'default'
2025-03-21T11:05:37.994-03:00  INFO 5956 --- [turnos] [SpringApplicationShutdownHook] com.zaxxer.hikari.HikariDataSource       : HikariPool-1 - Shutdown initiated...
2025-03-21T11:05:38.001-03:00  INFO 5956 --- [turnos] [SpringApplicationShutdownHook] com.zaxxer.hikari.HikariDataSource       : HikariPool-1 - Shutdown completed.
